<?xml version="1.0" encoding="UTF-8"?>
<testng-results skipped="0" failed="0" total="1" passed="1">
  <reporter-output>
  </reporter-output>
  <suite name="Default suite" duration-ms="13579" started-at="2019-12-21T13:42:55Z" finished-at="2019-12-21T13:43:08Z">
    <groups>
    </groups>
    <test name="Default test" duration-ms="13579" started-at="2019-12-21T13:42:55Z" finished-at="2019-12-21T13:43:08Z">
      <class name="com.automation.tests.GoogleSearch">
        <test-method status="PASS" signature="beforeActions()[pri:0, instance:com.automation.tests.GoogleSearch@598067a5]" name="beforeActions" is-config="true" duration-ms="9" started-at="2019-12-21T08:42:55Z" finished-at="2019-12-21T08:42:55Z">
          <reporter-output>
          </reporter-output>
        </test-method> <!-- beforeActions -->
        <test-method status="PASS" signature="search_test()[pri:0, instance:com.automation.tests.GoogleSearch@598067a5]" name="search_test" duration-ms="12817" started-at="2019-12-21T08:42:55Z" finished-at="2019-12-21T08:43:08Z">
          <reporter-output>
          </reporter-output>
        </test-method> <!-- search_test -->
        <test-method status="PASS" signature="afterActions()[pri:0, instance:com.automation.tests.GoogleSearch@598067a5]" name="afterActions" is-config="true" duration-ms="735" started-at="2019-12-21T08:43:08Z" finished-at="2019-12-21T08:43:08Z">
          <reporter-output>
          </reporter-output>
        </test-method> <!-- afterActions -->
      </class> <!-- com.automation.tests.GoogleSearch -->
    </test> <!-- Default test -->
  </suite> <!-- Default suite -->
</testng-results>
